2025-06-03 09:55:04,417 - INFO - Starting BLAST results parsing
2025-06-03 09:55:04,882 - INFO - Saved 236 best hits to: /groups/itay_mayrose/alongonda/Plant_MGC/mibig_metabolic_output/annotated_genomes_metabolic/merged_annotation/merged_annotation_id_eq_annotation.csv
2025-06-03 09:55:05,066 - INFO - Saved best source files summary with statistics
2025-06-03 09:55:05,067 - INFO - Pipeline completed in 0.65 seconds
2025-06-03 09:55:05,067 - INFO - Processed 414 records with 373 successful hits
2025-06-03 10:23:18,714 - INFO - Starting BLAST results parsing
2025-06-03 10:23:19,152 - INFO - Saved 236 best hits to: /groups/itay_mayrose/alongonda/Plant_MGC/mibig_metabolic_output/annotated_genomes_metabolic/merged_annotation/merged_annotation_id_eq_annotation.csv
2025-06-03 10:23:19,278 - INFO - Saved best source files summary with statistics
2025-06-03 10:23:19,278 - INFO - Pipeline completed in 0.56 seconds
2025-06-03 10:23:19,279 - INFO - Processed 414 records with 373 successful hits
2025-06-03 10:38:27,805 - INFO - Starting BLAST results parsing
2025-06-03 10:38:28,337 - INFO - Saved 236 best hits to: /groups/itay_mayrose/alongonda/Plant_MGC/mibig_metabolic_output/annotated_genomes_metabolic/merged_annotation/merged_annotation_id_eq_annotation.csv
2025-06-03 10:38:28,573 - INFO - Saved best source files summary with statistics
2025-06-03 10:38:28,574 - INFO - Pipeline completed in 0.77 seconds
2025-06-03 10:38:28,574 - INFO - Processed 414 records with 373 successful hits
2025-06-03 10:52:23,586 - INFO - Starting BLAST results parsing
2025-06-03 10:52:24,100 - INFO - Saved 237 best hits to: /groups/itay_mayrose/alongonda/Plant_MGC/mibig_metabolic_output/annotated_genomes_metabolic/merged_annotation/merged_annotation_id_eq_annotation.csv
2025-06-03 10:52:24,241 - INFO - Saved best source files summary with statistics
2025-06-03 10:52:24,241 - INFO - Pipeline completed in 0.65 seconds
2025-06-03 10:52:24,242 - INFO - Processed 414 records with 373 successful hits
2025-06-03 11:11:00,166 - INFO - Starting BLAST results parsing
2025-06-03 11:11:00,591 - INFO - Saved 237 best hits to: /groups/itay_mayrose/alongonda/Plant_MGC/mibig_metabolic_output/annotated_genomes_metabolic/merged_annotation/merged_annotation_id_eq_annotation.csv
2025-06-03 11:11:00,745 - INFO - Saved best source files summary with statistics
2025-06-03 11:11:00,749 - INFO - Saved missing genes summary
2025-06-03 11:11:00,749 - INFO - Pipeline completed in 0.58 seconds
2025-06-03 11:11:00,749 - INFO - Processed 414 records with 373 successful hits
2025-06-03 11:23:55,399 - INFO - Starting BLAST results parsing
2025-06-03 11:23:55,839 - INFO - Saved 237 best hits to: /groups/itay_mayrose/alongonda/Plant_MGC/mibig_metabolic_output/annotated_genomes_metabolic/merged_annotation/merged_annotation_id_eq_annotation.csv
2025-06-03 11:23:55,966 - INFO - Saved best source files summary with statistics
2025-06-03 11:23:55,971 - INFO - Saved missing genes summary
2025-06-03 11:23:55,971 - INFO - Pipeline completed in 0.57 seconds
2025-06-03 11:23:55,971 - INFO - Processed 414 records with 373 successful hits
2025-06-03 13:11:52,980 - INFO - Starting BLAST results parsing
2025-06-03 13:11:55,225 - INFO - Saved 267 best hits to: /groups/itay_mayrose/alongonda/Plant_MGC/mibig_metabolic_output/annotated_genomes_metabolic/merged_annotation_with_chloroplast/merged_annotation_id_eq_annotation.csv
2025-06-03 13:11:55,435 - INFO - Saved best source files summary with statistics
2025-06-03 13:11:55,440 - INFO - Saved missing genes summary
2025-06-03 13:11:55,440 - INFO - Pipeline completed in 2.46 seconds
2025-06-03 13:11:55,441 - INFO - Processed 414 records with 373 successful hits
2025-06-03 13:50:23,450 - INFO - Starting BLAST results parsing
2025-06-03 13:50:23,878 - INFO - Saved 267 best hits to: /groups/itay_mayrose/alongonda/Plant_MGC/mibig_metabolic_output/annotated_genomes_metabolic/merged_annotation_with_chloroplast/merged_annotation_id_eq_annotation.csv
2025-06-03 13:50:24,048 - INFO - Saved best source files summary with statistics
2025-06-03 13:50:24,051 - INFO - Saved missing genes summary
2025-06-03 13:50:24,052 - INFO - Pipeline completed in 0.60 seconds
2025-06-03 13:50:24,052 - INFO - Processed 414 records with 373 successful hits
2025-06-03 14:53:36,049 - INFO - Starting BLAST results parsing
2025-06-03 14:53:36,509 - INFO - Saved 198 best hits to: /groups/itay_mayrose/alongonda/Plant_MGC/mibig_metabolic_output/annotated_genomes_metabolic/merged_annotation_with_chloroplast/merged_annotation_id_eq_annotation.csv
2025-06-03 15:22:56,912 - INFO - Starting BLAST results parsing
2025-06-03 15:22:57,347 - INFO - Saved 267 best hits to: /groups/itay_mayrose/alongonda/Plant_MGC/mibig_metabolic_output/annotated_genomes_metabolic/merged_annotation_with_chloroplast/merged_annotation_id_eq_annotation.csv
2025-06-03 15:22:57,497 - INFO - Saved best source files summary with statistics
2025-06-03 15:22:57,501 - INFO - Saved missing genes summary
2025-06-03 15:22:57,501 - INFO - Pipeline completed in 0.59 seconds
2025-06-03 15:22:57,502 - INFO - Processed 414 records with 373 successful hits
2025-06-03 15:40:28,356 - INFO - Starting BLAST results parsing
2025-06-03 15:40:28,829 - INFO - Saved 267 best hits to: /groups/itay_mayrose/alongonda/Plant_MGC/mibig_metabolic_output/annotated_genomes_metabolic/merged_annotation_with_chloroplast/merged_annotation_id_eq_annotation.csv
2025-06-03 15:40:29,100 - INFO - Saved best source files summary with statistics
2025-06-03 15:40:29,105 - INFO - Saved missing genes summary
2025-06-03 15:40:29,105 - INFO - Pipeline completed in 0.75 seconds
2025-06-03 15:40:29,105 - INFO - Processed 414 records with 373 successful hits
